<?xml version="1.0" encoding="UTF-8"?>
<testsuite xmlns:xsi="http://www.w3.org/2001/XMLSchema-instance" xsi:noNamespaceSchemaLocation="https://maven.apache.org/surefire/maven-surefire-plugin/xsd/surefire-test-report-3.0.xsd" version="3.0" name="tests.runners.CucumberTestRunner" time="217.788" tests="1" errors="0" skipped="0" failures="0">
  <properties>
[...]
</properties>
  <testcase name="runScenario[&quot;Oluştur - Tamamla - Sil&quot;, &quot;Randevu akışı&quot;](1)" classname="tests.runners.CucumberTestRunner" time="216.822">
    <system-out><![CDATA[
@appointment
Scenario: OluÅŸtur - Tamamla - Sil                                          &amp#27;[90m# src/test/resources/features/appointment_flow.feature:9&amp#27;[0m
  &amp#27;[32mGiven &amp#27;[0m&amp#27;[32muygulama aÃ§Ä±lÄ±r&amp#27;[0m                                                    &amp#27;[90m# tests.steps.LoginSteps.open_app()&amp#27;[0m
  &amp#27;[32mAnd &amp#27;[0m&amp#27;[32mmÃ¼ÅŸteri &amp#27;[0m&amp#27;[32m&amp#27;[1m"NiÅŸantaÅŸÄ± Klinik"&amp#27;[0m&amp#27;[32m seÃ§ilir&amp#27;[0m                                   &amp#27;[90m# tests.steps.LoginSteps.musteri_seciliir(java.lang.String)&amp#27;[0m
  &amp#27;[32mAnd &amp#27;[0m&amp#27;[32mkullanÄ±cÄ± &amp#27;[0m&amp#27;[32m&amp#27;[1m"Test"&amp#27;[0m&amp#27;[32m ve &amp#27;[0m&amp#27;[32m&amp#27;[1m"Test123."&amp#27;[0m&amp#27;[32m ile giriÅŸ yapar&amp#27;[0m                       &amp#27;[90m# tests.steps.LoginSteps.login_with(java.lang.String,java.lang.String)&amp#27;[0m
  &amp#27;[32mGiven &amp#27;[0m&amp#27;[32mRandevu modÃ¼lÃ¼ne girilir&amp#27;[0m                                           &amp#27;[90m# tests.steps.AppointmentSteps.randevu_modulune_girilir()&amp#27;[0m
  &amp#27;[32mWhen &amp#27;[0m&amp#27;[32mFiltre paneli aÃ§Ä±lÄ±r&amp#27;[0m                                                &amp#27;[90m# tests.steps.AppointmentSteps.filtre_paneli_acilir()&amp#27;[0m
  &amp#27;[32mAnd &amp#27;[0m&amp#27;[32mdoktor filtresi temizlenir&amp#27;[0m                                           &amp#27;[90m# tests.steps.AppointmentSteps.doktor_filtresi_temizlenir()&amp#27;[0m
  &amp#27;[32mAnd &amp#27;[0m&amp#27;[32mdoktor olarak &amp#27;[0m&amp#27;[32m&amp#27;[1m"Prof. Dr.Esra YÄ±kÄ±lmaz"&amp#27;[0m&amp#27;[32m seÃ§ilir ve filtre uygulanÄ±r&amp#27;[0m   &amp#27;[90m# tests.steps.AppointmentSteps.doktor_secilir_ve_filtre_uygulanir(java.lang.String)&amp#27;[0m
Slot başarıyla Actions ile tıklandı.
  &amp#27;[32mWhen &amp#27;[0m&amp#27;[32mtakvimde hedef slota tÄ±klanÄ±r&amp#27;[0m                                       &amp#27;[90m# tests.steps.AppointmentSteps.takvimde_hedef_slota_tiklanir()&amp#27;[0m
  &amp#27;[32mAnd &amp#27;[0m&amp#27;[32mrandevu formunda hasta &amp#27;[0m&amp#27;[32m&amp#27;[1m"ebru ebru"&amp#27;[0m&amp#27;[32m aranÄ±r ve seÃ§ilir&amp#27;[0m                 &amp#27;[90m# tests.steps.AppointmentSteps.randevu_formunda_hasta_aranir_ve_secilir(java.lang.String)&amp#27;[0m
  &amp#27;[32mAnd &amp#27;[0m&amp#27;[32m&amp#27;[0m&amp#27;[32m&amp#27;[1m"ebru ebru"&amp#27;[0m&amp#27;[32m isimli hasta DoÄŸum Tarihi: &amp#27;[0m&amp#27;[32m&amp#27;[1m"01.01.2001"&amp#27;[0m&amp#27;[32m kayÄ±tlÄ±dÄ±r&amp#27;[0m       &amp#27;[90m# tests.steps.AppointmentSteps.isimli_hasta_dogum_tarihi_kayitlidir(java.lang.String,java.lang.String)&amp#27;[0m
  &amp#27;[32mAnd &amp#27;[0m&amp#27;[32mrandevu tarihi bugÃ¼n, saat en yakÄ±n ve sÃ¼re &amp#27;[0m&amp#27;[32m&amp#27;[1m30&amp#27;[0m&amp#27;[32m dakika olarak girilir&amp#27;[0m &amp#27;[90m# tests.steps.AppointmentSteps.randevu_tarih_saat_sure_otomatik(int)&amp#27;[0m
Uyarı: Başarı mesajı yakalanamadı ama Kaydet tıklandı.
  &amp#27;[32mAnd &amp#27;[0m&amp#27;[32m&amp#27;[0m&amp#27;[32m&amp#27;[1m"Dr. Esra YÄ±kÄ±lmaz"&amp#27;[0m&amp#27;[32m ve &amp#27;[0m&amp#27;[32m&amp#27;[1m"Ã‡ocuk Doktoru"&amp#27;[0m&amp#27;[32m ile randevu oluÅŸturulur&amp#27;[0m       &amp#27;[90m# tests.steps.AppointmentSteps.ve_ile_randevu_olusturulur(java.lang.String,java.lang.String)&amp#27;[0m
  &amp#27;[32mThen &amp#27;[0m&amp#27;[32mrandevu baÅŸarÄ±yla oluÅŸturulmalÄ±dÄ±r&amp#27;[0m                                  &amp#27;[90m# tests.steps.AppointmentSteps.randevu_basarili_olusturulmalidir()&amp#27;[0m
  &amp#27;[32mWhen &amp#27;[0m&amp#27;[32mrandevu kartina tiklanir&amp#27;[0m                                            &amp#27;[90m# tests.steps.AppointmentSteps.randevu_kartina_tiklanir()&amp#27;[0m
  &amp#27;[32mAnd &amp#27;[0m&amp#27;[32mcheck in yapilir&amp#27;[0m                                                     &amp#27;[90m# tests.steps.AppointmentSteps.check_in_yapilir()&amp#27;[0m
  &amp#27;[32mAnd &amp#27;[0m&amp#27;[32madmission tiklanir&amp#27;[0m                                                   &amp#27;[90m# tests.steps.AppointmentSteps.admission_tiklanir()&amp#27;[0m
  &amp#27;[32mAnd &amp#27;[0m&amp#27;[32mhasta kabul kaydedilir&amp#27;[0m                                               &amp#27;[90m# tests.steps.AppointmentSteps.hasta_kabul_kaydedilir()&amp#27;[0m
  &amp#27;[32mAnd &amp#27;[0m&amp#27;[32mtelefon doÄŸrulama popupÄ± kapatÄ±lÄ±r&amp#27;[0m                                   &amp#27;[90m# tests.steps.AppointmentSteps.telefon_dogrulama_popupi_kapatilir()&amp#27;[0m
  &amp#27;[32mWhen &amp#27;[0m&amp#27;[32mmodÃ¼ller menÃ¼sÃ¼ aÃ§Ä±lÄ±r ve Randevuya dÃ¶nÃ¼lÃ¼r&amp#27;[0m                         &amp#27;[90m# tests.steps.AppointmentSteps.modullere_git_randevuya_don()&amp#27;[0m
  &amp#27;[32mAnd &amp#27;[0m&amp#27;[32mrandevu kartÄ± &amp#27;[0m&amp#27;[32m&amp#27;[1m"EBRU EBRU"&amp#27;[0m&amp#27;[32m tekrar aÃ§Ä±lÄ±r&amp#27;[0m                              &amp#27;[90m# tests.steps.AppointmentSteps.randevu_karti_tekrar_acilir(java.lang.String)&amp#27;[0m
  &amp#27;[32mWhen &amp#27;[0m&amp#27;[32mrandevu tamamlanÄ±r&amp#27;[0m                                                  &amp#27;[90m# tests.steps.AppointmentSteps.randevu_tamamlanir()&amp#27;[0m
  &amp#27;[32mThen &amp#27;[0m&amp#27;[32mrandevu durumu &amp#27;[0m&amp#27;[32m&amp#27;[1m"TamamlandÄ±"&amp#27;[0m&amp#27;[32m olmalÄ±dÄ±r&amp#27;[0m                               &amp#27;[90m# tests.steps.AppointmentSteps.randevu_durumu_olmalidir(java.lang.String)&amp#27;[0m
  &amp#27;[32mWhen &amp#27;[0m&amp#27;[32mrandevu silinir&amp#27;[0m                                                     &amp#27;[90m# tests.steps.VisitCancelSteps.randevu_silinir()&amp#27;[0m
  &amp#27;[32mWhen &amp#27;[0m&amp#27;[32mrandevu kartÄ± silinir&amp#27;[0m                                               &amp#27;[90m# tests.steps.AppointmentSteps.randevu_karti_silinir()&amp#27;[0m
Toast text: 'Başarılı
Event başarıyla silindi.'
  &amp#27;[32mWhen &amp#27;[0m&amp#27;[32msilme bildirimi gorunmelidir&amp#27;[0m                                        &amp#27;[90m# tests.steps.AppointmentSteps.silme_bildirimi_gorunmelidir()&amp#27;[0m
  &amp#27;[32mThen &amp#27;[0m&amp#27;[32mrandevu silme iÅŸlemi baÅŸarÄ±lÄ± olmalÄ±dÄ±r&amp#27;[0m                             &amp#27;[90m# tests.steps.AppointmentSteps.randevu_silme_islemi_basarili_olmalidir()&amp#27;[0m
]]></system-out>
    <system-err><![CDATA[SLF4J(W): No SLF4J providers were found.
SLF4J(W): Defaulting to no-operation (NOP) logger implementation
SLF4J(W): See https://www.slf4j.org/codes.html#noProviders for further details.
Eyl 06, 2025 4:27:50 ÖÖ org.openqa.selenium.devtools.CdpVersionFinder findNearestMatch
WARNING: Unable to find CDP implementation matching 139
Eyl 06, 2025 4:27:50 ÖÖ org.openqa.selenium.chromium.ChromiumDriver lambda$new$5
WARNING: Unable to find version of CDP to use for 139.0.7258.155. You may need to include a dependency on a specific version of the CDP using something similar to `org.seleniumhq.selenium:selenium-devtools-v86:4.21.0` where the version ("v86") matches the version of the chromium-based browser you're using and the version number of the artifact is the same as Selenium's.
]]></system-err>
  </testcase>
</testsuite>