<?xml version="1.0" encoding="UTF-8"?>
<testng-results ignored="0" total="1" passed="1" failed="0" skipped="0">
  <reporter-output>
  </reporter-output>
  <suite started-at="2025-09-06T04:27:48 TRT" name="Surefire suite" finished-at="2025-09-06T04:31:25 TRT" duration-ms="217382">
    <groups>
      <group name="cucumber">
        <method signature="AbstractTestNGCucumberTests.runScenario(io.cucumber.testng.PickleWrapper,io.cucumber.testng.FeatureWrapper)[pri:0, instance:tests.runners.CucumberTestRunner@76508ed1]" name="runScenario" class="io.cucumber.testng.AbstractTestNGCucumberTests"/>
      </group> <!-- cucumber -->
    </groups>
    <test started-at="2025-09-06T04:27:48 TRT" name="Surefire test" finished-at="2025-09-06T04:31:25 TRT" duration-ms="217382">
      <class name="tests.runners.CucumberTestRunner">
        <test-method is-config="true" signature="setUpClass(org.testng.ITestContext)[pri:0, instance:tests.runners.CucumberTestRunner@76508ed1]" started-at="2025-09-06T04:27:48 TRT" name="setUpClass" finished-at="2025-09-06T04:27:48 TRT" duration-ms="502" status="PASS">
          <params>
            <param index="0">
              <value>
                <![CDATA[org.testng.TestRunner@11eadcba]]>
              </value>
            </param>
          </params>
          <reporter-output>
          </reporter-output>
        </test-method> <!-- setUpClass -->
        <test-method signature="runScenario(io.cucumber.testng.PickleWrapper,io.cucumber.testng.FeatureWrapper)[pri:0, instance:tests.runners.CucumberTestRunner@76508ed1]" started-at="2025-09-06T04:27:48 TRT" name="runScenario" description="Runs Cucumber Scenarios" data-provider="scenarios" finished-at="2025-09-06T04:31:25 TRT" duration-ms="216822" status="PASS">
          <params>
            <param index="0">
              <value>
                <![CDATA["Oluştur - Tamamla - Sil"]]>
              </value>
            </param>
            <param index="1">
              <value>
                <![CDATA["Randevu akışı"]]>
              </value>
            </param>
          </params>
          <reporter-output>
          </reporter-output>
        </test-method> <!-- runScenario -->
        <test-method is-config="true" signature="tearDownClass()[pri:0, instance:tests.runners.CucumberTestRunner@76508ed1]" started-at="2025-09-06T04:31:25 TRT" name="tearDownClass" finished-at="2025-09-06T04:31:25 TRT" duration-ms="19" status="PASS">
          <reporter-output>
          </reporter-output>
        </test-method> <!-- tearDownClass -->
      </class> <!-- tests.runners.CucumberTestRunner -->
    </test> <!-- Surefire test -->
  </suite> <!-- Surefire suite -->
</testng-results>
